<?xml version="1.0" encoding="UTF-8"?>
<!-- Generated by org.testng.reporters.JUnitReportReporter -->
<testsuite hostname="DESKTOP-8670GHV" failures="0" tests="2" name="TestngSuite.testng1" time="13.611" errors="0" timestamp="2022-04-22T12:24:41 IST" skipped="0">
  <testcase classname="TestngSuite.testng1" name="firsttest" time="4.830"/>
  <system-out/>
  <testcase classname="TestngSuite.testng1" name="secondtest" time="8.781"/>
  <system-out/>
</testsuite> <!-- TestngSuite.testng1 -->
