<?xml version="1.0" encoding="UTF-8"?>
<!-- Generated by org.testng.reporters.JUnitReportReporter -->
<testsuite hostname="DESKTOP-8670GHV" failures="0" tests="2" name="TestngSuite.testng1" time="16.050" errors="0" timestamp="2022-04-29T12:06:46 IST" skipped="0">
  <testcase classname="TestngSuite.testng1" name="firsttest" time="7.101"/>
  <system-out/>
  <testcase classname="TestngSuite.testng1" name="secondtest" time="8.949"/>
  <system-out/>
</testsuite> <!-- TestngSuite.testng1 -->
